d:\labs\belov4932_labccg\debug\vc142.pdb
d:\labs\belov4932_labccg\debug\vc142.idb
d:\labs\belov4932_labccg\debug\source.obj
d:\labs\belov4932_labccg\debug\belov4932_labccg.ilk
d:\labs\belov4932_labccg\debug\belov4932_labccg.exe
d:\labs\belov4932_labccg\debug\belov4932_labccg.pdb
d:\labs\belov4932_labccg\debug\lab2.ilk
d:\labs\belov4932_labccg\debug\lab3.ilk
d:\labs\belov4932_labccg\debug\lab4.ilk
d:\labs\belov4932_labccg\debug\lab5.ilk
d:\labs\belov4932_labccg\debug\lab6.ilk
d:\labs\belov4932_labccg\debug\lab7.ilk
d:\labs\belov4932_labccg\debug\nikitosikupyournosik.ilk
d:\labs\belov4932_labccg\debug\project1.ilk
d:\labs\belov4932_labccg\debug\lab2.pdb
d:\labs\belov4932_labccg\debug\lab3.pdb
d:\labs\belov4932_labccg\debug\lab4.pdb
d:\labs\belov4932_labccg\debug\lab5.pdb
d:\labs\belov4932_labccg\debug\lab6.pdb
d:\labs\belov4932_labccg\debug\lab7.pdb
d:\labs\belov4932_labccg\debug\nikitosikupyournosik.pdb
d:\labs\belov4932_labccg\debug\project1.pdb
d:\labs\belov4932_labccg\debug\belov4932_labccg.tlog\cl.command.1.tlog
d:\labs\belov4932_labccg\debug\belov4932_labccg.tlog\cl.read.1.tlog
d:\labs\belov4932_labccg\debug\belov4932_labccg.tlog\cl.write.1.tlog
d:\labs\belov4932_labccg\debug\belov4932_labccg.tlog\link.command.1.tlog
d:\labs\belov4932_labccg\debug\belov4932_labccg.tlog\link.read.1.tlog
d:\labs\belov4932_labccg\debug\belov4932_labccg.tlog\link.write.1.tlog
